2025-09-12 09:34:46,056 - __main__ - INFO - Starting AI Assistant application
2025-09-12 09:34:46,959 - src.services.audio_service - INFO - Whisper model 'base' loaded successfully
2025-09-12 09:34:50,186 - src.services.translation_service - INFO - Translation models loaded successfully
2025-09-12 09:34:51,470 - src.services.grammar_service - INFO - Grammar correction model loaded successfully
2025-09-12 09:34:53,347 - src.services.chat_service - INFO - Chat model loaded successfully
2025-09-12 09:34:53,347 - src.assistant.ai_assistant - INFO - All services initialized successfully
2025-09-12 09:35:01,254 - __main__ - CRITICAL - Critical error: cannot import name 'TrainingMode' from 'src.modes.training_mode' (D:\SISTEMA01 ENTREGA PUESTO\Fabio\IA\src\modes\training_mode.py)
2025-09-12 09:40:16,325 - __main__ - INFO - Starting AI Assistant application
2025-09-12 09:40:17,156 - src.services.audio_service - INFO - Whisper model 'base' loaded successfully
2025-09-12 09:40:20,369 - src.services.translation_service - INFO - Translation models loaded successfully
2025-09-12 09:40:21,687 - src.services.grammar_service - INFO - Grammar correction model loaded successfully
2025-09-12 09:40:23,538 - src.services.chat_service - INFO - Chat model loaded successfully
2025-09-12 09:40:23,538 - src.assistant.ai_assistant - INFO - All services initialized successfully
2025-09-12 09:40:39,670 - src.services.audio_service - INFO - TTS played: Starting training mode. Please respond in English ...
2025-09-12 09:40:39,923 - src.services.translation_service - INFO - Translated: What is your favorite movie an... -> ¿Cuál es tu película favorita ...
2025-09-12 09:40:43,002 - src.services.audio_service - INFO - TTS played: What is your favorite movie and why?...
2025-09-12 09:40:52,118 - src.services.translation_service - INFO - Translated: you... -> tú...
2025-09-12 09:40:53,138 - src.services.grammar_service - INFO - Grammar correction: you -> You may have heard of this in the past, but now you've heard of it.
2025-09-12 09:40:53,139 - src.services.error_service - INFO - Errors saved successfully
2025-09-12 09:40:53,139 - src.services.error_service - INFO - Error registered: you -> You may have heard of this in the past, but now you've heard of it.
2025-09-12 09:40:59,422 - src.services.chat_service - INFO - Generated response: you of all people....
2025-09-12 09:41:01,904 - src.services.audio_service - INFO - TTS played: Here's a suggestion: You may have heard of this in...
2025-09-12 09:41:03,789 - src.services.audio_service - INFO - TTS played: you of all people....
2025-09-12 09:41:04,068 - src.services.translation_service - INFO - Translated: What's the most interesting pl... -> ¿Cuál es el lugar más interesa...
2025-09-12 09:41:08,073 - src.services.audio_service - INFO - TTS played: What's the most interesting place you've visited?...
2025-09-12 09:41:16,211 - src.services.translation_service - INFO - Translated: you... -> tú...
2025-09-12 09:41:17,072 - src.services.grammar_service - INFO - Grammar correction: you -> You may have heard of this in the past, but now you've heard of it.
2025-09-12 09:41:17,073 - src.services.error_service - INFO - Errors saved successfully
2025-09-12 09:41:17,073 - src.services.error_service - INFO - Error registered: you -> You may have heard of this in the past, but now you've heard of it.
2025-09-12 09:41:20,818 - src.services.chat_service - INFO - Generated response: know...
2025-09-12 09:41:23,855 - src.services.audio_service - INFO - TTS played: Here's a suggestion: You may have heard of this in...
2025-09-12 09:41:25,694 - src.services.audio_service - INFO - TTS played: know...
2025-09-12 09:41:26,507 - src.services.translation_service - INFO - Translated: Please use this phrase correct... -> Por favor, use esta frase corr...
2025-09-12 09:41:29,667 - src.services.audio_service - INFO - TTS played: Please use this phrase correctly in a sentence: 'y...
2025-09-12 09:41:38,080 - src.services.translation_service - INFO - Translated: you... -> tú...
2025-09-12 09:41:38,958 - src.services.grammar_service - INFO - Grammar correction: you -> You may have heard of this in the past, but now you've heard of it.
2025-09-12 09:41:38,959 - src.services.error_service - INFO - Errors saved successfully
2025-09-12 09:41:38,959 - src.services.error_service - INFO - Error registered: you -> You may have heard of this in the past, but now you've heard of it.
2025-09-12 09:41:42,820 - src.services.chat_service - INFO - Generated response: ...
2025-09-12 09:47:12,527 - src.services.audio_service - INFO - TTS played: Here's a suggestion: You may have heard of this in...
2025-09-12 09:47:28,372 - __main__ - INFO - Starting AI Assistant application
2025-09-12 09:47:29,207 - src.services.audio_service - INFO - Whisper model 'base' loaded successfully
2025-09-12 09:47:32,401 - src.services.translation_service - INFO - Translation models loaded successfully
2025-09-12 09:47:33,813 - src.services.grammar_service - INFO - Grammar correction model loaded successfully
2025-09-12 09:47:35,841 - src.services.chat_service - INFO - Chat model loaded successfully
2025-09-12 09:47:35,842 - src.assistant.ai_assistant - INFO - All services initialized successfully
2025-09-12 09:47:45,070 - src.services.audio_service - INFO - TTS played: Starting training mode. Please respond in English ...
2025-09-12 09:47:45,413 - src.services.translation_service - INFO - Translated: What is your favorite movie an... -> ¿Cuál es tu película favorita ...
2025-09-12 09:47:46,039 - src.services.audio_service - INFO - TTS played: What is your favorite movie and why?...
2025-09-12 09:47:54,529 - src.services.translation_service - INFO - Translated: you... -> tú...
2025-09-12 09:47:55,711 - src.services.grammar_service - INFO - Grammar correction: you -> You may have heard of this in the past, but now you've heard of it.
2025-09-12 09:47:55,712 - src.services.error_service - INFO - Errors saved successfully
2025-09-12 09:47:55,712 - src.services.error_service - INFO - Error registered: you -> You may have heard of this in the past, but now you've heard of it.
2025-09-12 09:48:11,411 - src.services.chat_service - INFO - Generated response: you just have to be careful of how you speak....
2025-09-12 09:48:11,943 - src.services.audio_service - INFO - TTS played: Here's a suggestion: You may have heard of this in...
2025-09-12 09:48:13,171 - src.services.audio_service - INFO - TTS played: you just have to be careful of how you speak....
2025-09-12 09:48:13,459 - src.services.translation_service - INFO - Translated: What is your dream job?... -> ¿Cuál es tu trabajo de ensueño...
2025-09-12 09:48:13,946 - src.services.audio_service - INFO - TTS played: What is your dream job?...
2025-09-12 09:48:22,193 - src.services.translation_service - INFO - Translated: you... -> tú...
2025-09-12 09:48:23,063 - src.services.grammar_service - INFO - Grammar correction: you -> You may have heard of this in the past, but now you've heard of it.
2025-09-12 09:48:23,064 - src.services.error_service - INFO - Errors saved successfully
2025-09-12 09:48:23,064 - src.services.error_service - INFO - Error registered: you -> You may have heard of this in the past, but now you've heard of it.
2025-09-12 09:48:28,501 - src.services.chat_service - INFO - Generated response: you you...
2025-09-12 09:48:29,122 - src.services.audio_service - INFO - TTS played: Here's a suggestion: You may have heard of this in...
2025-09-12 09:48:30,046 - src.services.audio_service - INFO - TTS played: you you...
2025-09-12 09:48:30,315 - src.services.translation_service - INFO - Translated: Tell me about your hobbies.... -> Háblame de tus pasatiempos....
2025-09-12 09:48:30,897 - src.services.audio_service - INFO - TTS played: Tell me about your hobbies....
2025-09-12 09:48:39,250 - src.services.translation_service - INFO - Translated: you... -> tú...
2025-09-12 09:48:40,186 - src.services.grammar_service - INFO - Grammar correction: you -> You may have heard of this in the past, but now you've heard of it.
2025-09-12 09:48:40,187 - src.services.error_service - INFO - Errors saved successfully
2025-09-12 09:48:40,187 - src.services.error_service - INFO - Error registered: you -> You may have heard of this in the past, but now you've heard of it.
2025-09-12 09:49:18,327 - src.services.chat_service - INFO - Generated response: ... well, it's a lot of people, and I assume you a...
2025-09-12 09:49:19,343 - src.services.audio_service - INFO - TTS played: Here's a suggestion: You may have heard of this in...
2025-09-12 09:49:20,077 - src.services.audio_service - INFO - TTS played: ... well, it's a lot of people, and I assume you a...
2025-09-12 09:49:20,330 - src.services.translation_service - INFO - Translated: What did you do yesterday?... -> ¿Qué hiciste ayer?...
2025-09-12 09:49:20,802 - src.services.audio_service - INFO - TTS played: What did you do yesterday?...
2025-09-12 09:49:29,471 - src.services.translation_service - INFO - Translated: you... -> tú...
2025-09-12 09:49:30,362 - src.services.grammar_service - INFO - Grammar correction: you -> You may have heard of this in the past, but now you've heard of it.
2025-09-12 09:49:30,363 - src.services.error_service - INFO - Errors saved successfully
2025-09-12 09:49:30,364 - src.services.error_service - INFO - Error registered: you -> You may have heard of this in the past, but now you've heard of it.
2025-09-12 09:49:37,302 - src.services.chat_service - INFO - Generated response: you...
2025-09-12 09:49:38,230 - src.services.audio_service - INFO - TTS played: Here's a suggestion: You may have heard of this in...
2025-09-12 09:49:38,925 - src.services.audio_service - INFO - TTS played: you...
2025-09-12 09:49:39,301 - src.services.translation_service - INFO - Translated: Tell me about your family.... -> Háblame de tu familia....
2025-09-12 09:49:40,221 - src.services.audio_service - INFO - TTS played: Tell me about your family....
2025-09-12 11:16:58,437 - __main__ - INFO - Starting AI Assistant application
2025-09-12 11:16:59,312 - src.services.audio_service - INFO - Whisper model 'base' loaded successfully
2025-09-12 11:17:02,666 - src.services.translation_service - INFO - Translation models loaded successfully
2025-09-12 11:17:04,010 - src.services.grammar_service - INFO - Grammar correction model loaded successfully
2025-09-12 11:17:05,959 - src.services.chat_service - INFO - Chat model loaded successfully
2025-09-12 11:17:05,959 - src.assistant.ai_assistant - INFO - All services initialized successfully
2025-09-12 11:17:13,742 - src.services.audio_service - INFO - TTS played: Starting training mode. Please respond in English ...
2025-09-12 11:17:14,002 - src.services.translation_service - INFO - Translated: Tell me about your family.... -> Háblame de tu familia....
2025-09-12 11:17:14,657 - src.services.audio_service - INFO - TTS played: Tell me about your family....
2025-09-12 11:17:23,648 - src.services.translation_service - INFO - Translated: you... -> tú...
2025-09-12 11:17:24,621 - src.services.grammar_service - INFO - Grammar correction: you -> You may have heard of this in the past, but now you've heard of it.
2025-09-12 11:17:24,622 - src.services.error_service - INFO - Errors saved successfully
2025-09-12 11:17:24,622 - src.services.error_service - INFO - Error registered: you -> You may have heard of this in the past, but now you've heard of it.
2025-09-12 11:17:33,519 - src.services.chat_service - INFO - Generated response: you on the west coast?...
2025-09-12 11:17:34,585 - src.services.audio_service - INFO - TTS played: Here's a suggestion: You may have heard of this in...
2025-09-12 11:17:35,131 - src.services.audio_service - INFO - TTS played: you on the west coast?...
2025-09-12 11:17:35,439 - src.services.translation_service - INFO - Translated: What did you do yesterday?... -> ¿Qué hiciste ayer?...
2025-09-12 11:17:36,257 - src.services.audio_service - INFO - TTS played: What did you do yesterday?...
2025-09-12 11:17:44,632 - src.services.translation_service - INFO - Translated: you... -> tú...
2025-09-12 11:17:45,546 - src.services.grammar_service - INFO - Grammar correction: you -> You may have heard of this in the past, but now you've heard of it.
2025-09-12 11:17:45,547 - src.services.error_service - INFO - Errors saved successfully
2025-09-12 11:17:45,547 - src.services.error_service - INFO - Error registered: you -> You may have heard of this in the past, but now you've heard of it.
2025-09-12 11:17:48,485 - src.services.chat_service - INFO - Generated response: ...
2025-09-12 11:17:49,423 - src.services.audio_service - INFO - TTS played: Here's a suggestion: You may have heard of this in...
2025-09-12 11:17:49,750 - src.services.translation_service - INFO - Translated: What is your dream job?... -> ¿Cuál es tu trabajo de ensueño...
2025-09-12 11:17:50,303 - src.services.audio_service - INFO - TTS played: What is your dream job?...
2025-09-12 11:17:59,401 - src.services.translation_service - INFO - Translated: you... -> tú...
2025-09-12 11:18:00,467 - src.services.grammar_service - INFO - Grammar correction: you -> You may have heard of this in the past, but now you've heard of it.
2025-09-12 11:18:00,468 - src.services.error_service - INFO - Errors saved successfully
2025-09-12 11:18:00,468 - src.services.error_service - INFO - Error registered: you -> You may have heard of this in the past, but now you've heard of it.
2025-09-12 11:21:14,539 - src.services.chat_service - INFO - Generated response: uuuuuuuuuuuuuuuuuuuuuuuuuuuuuuuuuuuuuuuuuuuuuuuuuu...
2025-09-12 11:21:15,662 - src.services.audio_service - INFO - TTS played: Here's a suggestion: You may have heard of this in...
2025-09-12 11:21:16,709 - src.services.audio_service - INFO - TTS played: uuuuuuuuuuuuuuuuuuuuuuuuuuuuuuuuuuuuuuuuuuuuuuuuuu...
2025-09-12 11:21:17,037 - src.services.translation_service - INFO - Translated: What is your favorite movie an... -> ¿Cuál es tu película favorita ...
2025-09-12 11:21:17,542 - src.services.audio_service - INFO - TTS played: What is your favorite movie and why?...
2025-09-12 11:21:27,024 - src.services.translation_service - INFO - Translated: you... -> tú...
2025-09-12 11:28:43,862 - __main__ - INFO - Starting AI Assistant application
2025-09-12 11:28:44,732 - src.services.audio_service - INFO - Whisper model 'base' loaded successfully
2025-09-12 11:28:48,167 - src.services.translation_service - INFO - Translation models loaded successfully
2025-09-12 11:28:49,530 - src.services.grammar_service - INFO - Grammar correction model loaded successfully
2025-09-12 11:28:51,599 - src.services.chat_service - INFO - Chat model loaded successfully
2025-09-12 11:28:51,599 - src.assistant.ai_assistant - INFO - All services initialized successfully
2025-09-12 11:29:00,794 - src.services.audio_service - INFO - TTS played: Starting training mode. Please respond in English ...
2025-09-12 11:29:01,059 - src.services.translation_service - INFO - Translated: Describe your perfect day.... -> Describe tu día perfecto....
2025-09-12 11:29:02,100 - src.services.audio_service - INFO - TTS played: Describe your perfect day....
2025-09-12 11:29:11,274 - src.services.translation_service - INFO - Translated: you... -> tú...
2025-09-12 11:29:12,278 - src.services.grammar_service - INFO - Grammar correction: you -> You may have heard of this in the past, but now you've heard of it.
2025-09-12 11:29:12,279 - src.services.error_service - INFO - Errors saved successfully
2025-09-12 11:29:12,279 - src.services.error_service - INFO - Error registered: you -> You may have heard of this in the past, but now you've heard of it.
2025-09-12 11:29:16,267 - src.services.chat_service - INFO - Generated response: you is is...
2025-09-12 11:29:17,820 - src.services.audio_service - INFO - TTS played: Here's a suggestion: You may have heard of this in...
2025-09-12 11:29:18,763 - src.services.audio_service - INFO - TTS played: you is is...
2025-09-12 11:29:18,943 - src.services.translation_service - INFO - Translated: What did you do yesterday?... -> ¿Qué hiciste ayer?...
2025-09-12 11:29:19,977 - src.services.audio_service - INFO - TTS played: What did you do yesterday?...
2025-09-12 11:29:28,332 - src.services.translation_service - INFO - Translated: you... -> tú...
2025-09-12 11:29:29,209 - src.services.grammar_service - INFO - Grammar correction: you -> You may have heard of this in the past, but now you've heard of it.
2025-09-12 11:29:29,210 - src.services.error_service - INFO - Errors saved successfully
2025-09-12 11:29:29,210 - src.services.error_service - INFO - Error registered: you -> You may have heard of this in the past, but now you've heard of it.
2025-09-12 11:29:33,093 - src.services.chat_service - INFO - Generated response: 're...
2025-09-12 11:29:34,614 - src.services.audio_service - INFO - TTS played: Here's a suggestion: You may have heard of this in...
2025-09-12 11:29:35,573 - src.services.audio_service - INFO - TTS played: 're...
2025-09-12 11:29:36,481 - src.services.translation_service - INFO - Translated: Please use this phrase correct... -> Por favor, use esta frase corr...
2025-09-12 11:29:38,272 - src.services.audio_service - INFO - TTS played: Please use this phrase correctly in a sentence: 'y...
2025-09-12 11:29:46,448 - src.services.translation_service - INFO - Translated: you... -> tú...
2025-09-12 11:29:47,390 - src.services.grammar_service - INFO - Grammar correction: you -> You may have heard of this in the past, but now you've heard of it.
2025-09-12 11:29:47,391 - src.services.error_service - INFO - Errors saved successfully
2025-09-12 11:29:47,391 - src.services.error_service - INFO - Error registered: you -> You may have heard of this in the past, but now you've heard of it.
2025-09-12 11:29:51,491 - src.services.chat_service - INFO - Generated response: ...
2025-09-12 11:29:52,984 - src.services.audio_service - INFO - TTS played: Here's a suggestion: You may have heard of this in...
2025-09-12 11:29:53,307 - src.services.translation_service - INFO - Translated: What is your favorite movie an... -> ¿Cuál es tu película favorita ...
2025-09-12 11:29:54,324 - src.services.audio_service - INFO - TTS played: What is your favorite movie and why?...
2025-09-12 11:30:02,749 - src.services.translation_service - INFO - Translated: you... -> tú...
2025-09-12 11:30:03,724 - src.services.grammar_service - INFO - Grammar correction: you -> You may have heard of this in the past, but now you've heard of it.
2025-09-12 11:30:03,725 - src.services.error_service - INFO - Errors saved successfully
2025-09-12 11:30:03,725 - src.services.error_service - INFO - Error registered: you -> You may have heard of this in the past, but now you've heard of it.
2025-09-12 11:30:19,482 - src.services.chat_service - INFO - Generated response: uuuuughhhhhhh....
2025-09-12 11:30:20,995 - src.services.audio_service - INFO - TTS played: Here's a suggestion: You may have heard of this in...
2025-09-12 11:30:21,955 - src.services.audio_service - INFO - TTS played: uuuuughhhhhhh....
2025-09-12 11:30:22,320 - src.services.translation_service - INFO - Translated: What is your dream job?... -> ¿Cuál es tu trabajo de ensueño...
2025-09-12 11:30:23,305 - src.services.audio_service - INFO - TTS played: What is your dream job?...
2025-09-12 11:59:41,904 - __main__ - INFO - Starting AI Assistant application
2025-09-12 11:59:42,738 - src.services.audio_service - INFO - Whisper model 'base' loaded successfully
2025-09-12 11:59:46,005 - src.services.translation_service - INFO - Translation models loaded successfully
2025-09-12 11:59:47,297 - src.services.grammar_service - INFO - Grammar correction model loaded successfully
2025-09-12 11:59:49,262 - src.services.chat_service - INFO - Chat model loaded successfully
2025-09-12 11:59:49,262 - src.assistant.ai_assistant - INFO - All services initialized successfully
2025-09-12 12:00:15,361 - __main__ - CRITICAL - Critical error: 'question'
2025-09-12 12:06:58,357 - __main__ - INFO - Starting AI Assistant application
2025-09-12 12:06:59,212 - src.services.audio_service - INFO - Whisper model 'base' loaded successfully
2025-09-12 12:07:02,406 - src.services.translation_service - INFO - Translation models loaded successfully
2025-09-12 12:07:03,682 - src.services.grammar_service - INFO - Grammar correction model loaded successfully
2025-09-12 12:07:05,570 - src.services.chat_service - INFO - Chat model loaded successfully
2025-09-12 12:07:05,571 - src.assistant.ai_assistant - INFO - All services initialized successfully
2025-09-12 12:07:08,889 - src.services.audio_service - INFO - TTS played: Hello! What's your name?...
2025-09-12 12:08:27,376 - src.services.translation_service - INFO - Translated: My name is fabio, whats your n... -> Mi nombre es Fabio, ¿cómo te l...
2025-09-12 12:08:39,613 - src.services.chat_service - INFO - Generated response: My name is fabio, whats your name?...
2025-09-12 12:08:41,240 - src.services.audio_service - INFO - TTS played: If you could change one thing about the education ...
2025-09-12 12:11:24,007 - src.services.translation_service - INFO - Translated: Yo cambiaria cuantas veces a l... -> I'd change how many times a we...
2025-09-12 12:11:25,624 - src.services.audio_service - INFO - TTS played: Excellent response!...
2025-09-12 12:11:26,705 - src.services.audio_service - INFO - TTS played: How do cultural differences influence the way peop...
2025-09-12 14:04:35,509 - __main__ - INFO - Starting AI Assistant application
2025-09-12 14:04:36,394 - src.services.audio_service - INFO - Whisper model 'base' loaded successfully
2025-09-12 14:04:39,629 - src.services.translation_service - INFO - Translation models loaded successfully
2025-09-12 14:04:40,941 - src.services.grammar_service - INFO - Grammar correction model loaded successfully
2025-09-12 14:04:42,820 - src.services.chat_service - INFO - Chat model loaded successfully
2025-09-12 14:04:42,821 - src.assistant.ai_assistant - INFO - All services initialized successfully
2025-09-12 14:05:13,295 - src.services.audio_service - INFO - TTS played: Good day! How has your week been?...
2025-09-12 14:27:42,506 - __main__ - INFO - Starting AI Assistant application
2025-09-12 14:27:43,417 - src.services.audio_service - INFO - Whisper model 'base' loaded successfully
2025-09-12 14:27:46,802 - src.services.translation_service - INFO - Translation models loaded successfully
2025-09-12 14:27:48,115 - src.services.grammar_service - INFO - Grammar correction model loaded successfully
2025-09-12 14:27:49,987 - src.services.chat_service - INFO - Chat model loaded successfully
2025-09-12 14:27:49,987 - src.assistant.ai_assistant - INFO - All services initialized successfully
2025-09-12 14:28:41,271 - src.services.audio_service - INFO - TTS played: Good day! How has your week been?...
2025-09-12 14:30:32,413 - src.services.translation_service - INFO - Translated: Hi, this week will be bad... -> Hola, esta semana será mala....
2025-09-12 14:30:33,200 - src.services.grammar_service - INFO - Grammar correction: Hi, this week will be bad -> Hi, this week will be bad.
2025-09-12 14:30:33,201 - src.services.error_service - INFO - Errors saved successfully
2025-09-12 14:30:33,201 - src.services.error_service - INFO - Error registered: Hi, this week will be bad -> Hi, this week will be bad.
2025-09-12 14:30:42,095 - src.services.chat_service - INFO - Generated response: Hi, this week will be bad...
2025-09-12 14:30:43,660 - src.services.audio_service - INFO - TTS played: Here's a suggestion: Hi, this week will be bad....
2025-09-12 14:30:44,760 - src.services.audio_service - INFO - TTS played: What is your name?...
2025-09-12 14:31:42,927 - src.services.translation_service - INFO - Translated: My name is fabio, whats your n... -> Mi nombre es Fabio, ¿cómo te l...
2025-09-12 14:32:02,305 - src.services.chat_service - INFO - Generated response: ...
2025-09-12 14:32:03,330 - src.services.audio_service - INFO - TTS played: What is your name?...
2025-09-12 16:43:21,207 - src.services.translation_service - INFO - Translated: My name is fabio and you?... -> ¿Mi nombre es Fabio y tú?...
2025-09-12 16:43:47,887 - src.services.chat_service - INFO - Generated response: ...
2025-09-12 16:43:49,480 - src.services.audio_service - INFO - TTS played: What is your favorite color?...
2025-09-12 16:45:09,195 - src.services.translation_service - INFO - Translated: My favorite color is red, is n... -> Mi color favorito es el rojo, ...
2025-09-12 16:45:09,856 - src.services.grammar_service - INFO - Grammar correction: My favorite color is red, is nice -> My favorite color is red, it is nice.
2025-09-12 16:45:09,857 - src.services.error_service - INFO - Errors saved successfully
2025-09-12 16:45:09,858 - src.services.error_service - INFO - Error registered: My favorite color is red, is nice -> My favorite color is red, it is nice.
2025-09-12 16:45:51,652 - src.services.chat_service - INFO - Generated response: , is nice, Fabio!...
2025-09-12 16:45:53,290 - src.services.audio_service - INFO - TTS played: Here's a suggestion: My favorite color is red, it ...
2025-09-12 16:45:54,247 - src.services.audio_service - INFO - TTS played: What day is today?...
2025-09-12 16:48:11,042 - src.services.translation_service - INFO - Translated: Today is friday 12th... -> Hoy es viernes 12...
2025-09-12 16:48:11,472 - src.services.grammar_service - INFO - Grammar correction: Today is friday 12th -> Today is Friday 12th of March.
2025-09-12 16:48:11,474 - src.services.error_service - INFO - Errors saved successfully
2025-09-12 16:48:11,474 - src.services.error_service - INFO - Error registered: Today is friday 12th -> Today is Friday 12th of March.
2025-09-12 16:48:50,247 - src.services.chat_service - INFO - Generated response: ...
2025-09-12 16:48:51,993 - src.services.audio_service - INFO - TTS played: Here's a suggestion: Today is Friday 12th of March...
2025-09-12 16:48:52,964 - src.services.audio_service - INFO - TTS played: What day is today?...
2025-09-12 16:50:59,551 - src.services.translation_service - INFO - Translated: Today is friday, brother... -> Hoy es viernes, hermano....
2025-09-12 16:51:00,038 - src.services.grammar_service - INFO - Grammar correction: Today is friday, brother -> Today is Friday, brother.
2025-09-12 16:51:00,039 - src.services.error_service - INFO - Errors saved successfully
2025-09-12 16:51:00,040 - src.services.error_service - INFO - Error registered: Today is friday, brother -> Today is Friday, brother.
2025-09-12 16:51:45,177 - src.services.chat_service - INFO - Generated response: !...
2025-09-12 16:51:46,329 - src.services.audio_service - INFO - TTS played: Here's a suggestion: Today is Friday, brother....
2025-09-12 16:51:47,284 - src.services.audio_service - INFO - TTS played: What day is today?...
2025-09-12 16:55:54,502 - src.services.translation_service - INFO - Translated: cual es la respuesta correcta?... -> What's the right answer?...
2025-09-12 16:55:56,118 - src.services.audio_service - INFO - TTS played: Do you like pizza?...
2025-09-12 16:56:12,766 - src.services.translation_service - INFO - Translated: Yes, i like pizza... -> Yes, i like pizza...
2025-09-12 16:56:14,178 - src.services.audio_service - INFO - TTS played: Do you like pizza?...
2025-09-12 16:56:37,368 - src.services.translation_service - INFO - Translated: Yes, i like pizza... -> Yes, i like pizza...
2025-09-12 16:56:38,770 - src.services.audio_service - INFO - TTS played: What is your favorite color?...
2025-09-17 15:23:37,044 - __main__ - INFO - Starting AI Assistant application
2025-09-17 15:23:38,057 - src.services.audio_service - INFO - Whisper model 'base' loaded successfully
2025-09-17 15:23:41,852 - src.services.translation_service - INFO - Translation models loaded successfully
2025-09-17 15:23:43,565 - src.services.grammar_service - INFO - Grammar correction model loaded successfully
2025-09-17 15:23:45,756 - src.services.chat_service - INFO - Chat model loaded successfully
2025-09-17 15:23:45,756 - src.assistant.ai_assistant - INFO - All services initialized successfully
2025-09-17 15:24:10,695 - src.services.audio_service - INFO - TTS played: Hello! What's your name?...
2025-09-17 15:24:48,337 - src.services.translation_service - INFO - Translated: Hello! my name is Fabio, How a... -> Hola, mi nombre es Fabio, ¿cóm...
2025-09-17 15:25:03,828 - src.services.chat_service - INFO - Generated response: Hello! my name is Fabio, How are you?...
2025-09-17 15:25:05,459 - src.services.audio_service - INFO - TTS played: Excellent response!...
2025-09-17 15:25:06,547 - src.services.audio_service - INFO - TTS played: If you could change one thing about the education ...
2025-09-17 15:28:03,756 - src.services.translation_service - INFO - Translated: I´m sorry i don´t understand... -> Lo siento, no lo entiendo....
2025-09-17 15:28:05,035 - src.services.grammar_service - INFO - Grammar correction: I´m sorry i don´t understand -> I m sorry i don t understand.
2025-09-17 15:28:05,036 - src.services.error_service - INFO - Errors saved successfully
2025-09-17 15:28:05,036 - src.services.error_service - INFO - Error registered: I´m sorry i don´t understand -> I m sorry i don t understand.
2025-09-17 15:28:32,105 - src.services.chat_service - INFO - Generated response: your question...
2025-09-17 15:28:33,710 - src.services.audio_service - INFO - TTS played: Here's a suggestion: I m sorry i don t understand....
2025-09-17 15:28:34,765 - src.services.audio_service - INFO - TTS played: If you could change one thing about the education ...
2025-09-17 16:05:32,918 - __main__ - INFO - Starting AI Assistant application
2025-09-17 16:05:33,806 - src.services.audio_service - INFO - Whisper model 'base' loaded successfully
2025-09-17 16:05:37,180 - src.services.translation_service - INFO - Translation models loaded successfully
2025-09-17 16:05:38,524 - src.services.grammar_service - INFO - Grammar correction model loaded successfully
2025-09-17 16:05:40,370 - src.services.chat_service - INFO - Chat model loaded successfully
2025-09-17 16:05:40,371 - src.assistant.ai_assistant - INFO - All services initialized successfully
2025-09-17 16:06:03,448 - src.services.audio_service - INFO - TTS played: Hello! What's your name?...
2025-09-17 16:06:32,585 - src.services.translation_service - INFO - Translated: Hello, my name is Fabio, How a... -> Hola, mi nombre es Fabio, ¿cóm...
2025-09-17 16:06:47,812 - src.services.chat_service - INFO - Generated response: Hello, my name is Fabio, How are you?...
2025-09-17 16:07:41,525 - src.services.audio_service - INFO - TTS played: Great job practicing! Keep up the good work!...
2025-09-17 16:10:41,777 - __main__ - INFO - Starting AI Assistant application
2025-09-17 16:10:42,661 - src.services.audio_service - INFO - Whisper model 'base' loaded successfully
2025-09-17 16:10:45,913 - src.services.translation_service - INFO - Translation models loaded successfully
2025-09-17 16:10:47,150 - src.services.grammar_service - INFO - Grammar correction model loaded successfully
2025-09-17 16:10:48,953 - src.services.chat_service - INFO - Chat model loaded successfully
2025-09-17 16:10:48,953 - src.assistant.ai_assistant - INFO - All services initialized successfully
2025-09-17 16:10:57,685 - src.services.audio_service - INFO - TTS played: Hello! What's your name?...
2025-09-17 16:11:17,797 - src.services.translation_service - INFO - Translated: Hello, my name is Fabio, How a... -> Hola, mi nombre es Fabio, ¿cóm...
2025-09-17 16:11:35,020 - src.services.chat_service - INFO - Generated response: Hello, my name is Fabio, How are yoy?...
2025-09-17 16:11:36,495 - src.services.audio_service - INFO - TTS played: How are you today?...
2025-09-17 16:16:33,888 - src.services.audio_service - INFO - TTS played: Great job practicing! Keep up the good work!...
2025-09-17 16:16:44,527 - __main__ - INFO - Starting AI Assistant application
2025-09-17 16:16:45,378 - src.services.audio_service - INFO - Whisper model 'base' loaded successfully
2025-09-17 16:16:48,524 - src.services.translation_service - INFO - Translation models loaded successfully
2025-09-17 16:16:49,883 - src.services.grammar_service - INFO - Grammar correction model loaded successfully
2025-09-17 16:16:51,695 - src.services.chat_service - INFO - Chat model loaded successfully
2025-09-17 16:16:51,695 - src.assistant.ai_assistant - INFO - All services initialized successfully
2025-09-17 16:16:58,539 - src.services.audio_service - INFO - TTS played: Hi! How are you today?...
2025-09-17 16:19:37,872 - src.services.chat_service - INFO - Generated response: ...
2025-09-17 16:19:38,085 - src.services.translation_service - INFO - Translated: Hello, I'm fine and you?... -> Hello, I'm fine and you?...
2025-09-17 16:19:39,729 - src.services.audio_service - INFO - TTS played: If you could meet any historical figure, who would...
2025-09-17 16:22:34,373 - src.services.chat_service - INFO - Generated response: e'e...
2025-09-17 16:22:34,519 - src.services.translation_service - INFO - Translated: Aristoteles... -> Aristoteles...
2025-09-17 16:22:36,109 - src.services.audio_service - INFO - TTS played: Describe your perfect vacation....
2025-09-17 16:29:46,106 - src.services.chat_service - INFO - Generated response: ed...
2025-09-17 16:29:46,316 - src.services.translation_service - INFO - Translated: In the beach, drinking a beer... -> En la playa, tomando una cerve...
2025-09-17 16:29:47,050 - src.services.grammar_service - INFO - Grammar correction: In the beach, drinking a beer -> On the beach, drinking a beer.
2025-09-17 16:29:47,051 - src.services.error_service - INFO - Errors saved successfully
2025-09-17 16:29:47,051 - src.services.error_service - INFO - Error registered: In the beach, drinking a beer -> On the beach, drinking a beer.
2025-09-17 16:30:14,451 - src.services.chat_service - INFO - Generated response: In the beach, drinking a beer and watching a movie...
2025-09-17 16:30:16,178 - src.services.audio_service - INFO - TTS played: Here's a suggestion: On the beach, drinking a beer...
2025-09-17 16:30:17,170 - src.services.audio_service - INFO - TTS played: What did you do last weekend?...
2025-09-17 16:34:23,107 - src.services.chat_service - INFO - Generated response: n...
2025-09-17 16:34:23,372 - src.services.translation_service - INFO - Translated: I played video games, and read... -> I played video games, and read...
2025-09-17 16:34:24,942 - src.services.audio_service - INFO - TTS played: Excellent response!...
2025-09-17 16:34:26,047 - src.services.audio_service - INFO - TTS played: What are your hobbies and why do you enjoy them?...
2025-09-17 16:41:38,349 - src.services.chat_service - INFO - Generated response: ing...
2025-09-17 16:41:38,676 - src.services.translation_service - INFO - Translated: My hobbies is learning english... -> Mis aficiones son aprender ing...
2025-09-17 16:41:39,234 - src.services.grammar_service - INFO - Grammar correction: My hobbies is learning english and enjoy practice and talk -> My hobbies are learning english and enjoy practicing and talking.
2025-09-17 16:41:39,235 - src.services.error_service - INFO - Errors saved successfully
2025-09-17 16:41:39,235 - src.services.error_service - INFO - Error registered: My hobbies is learning english and enjoy practice and talk -> My hobbies are learning english and enjoy practicing and talking.
2025-09-17 16:42:05,229 - src.services.chat_service - INFO - Generated response: to others on my phone....
2025-09-17 16:42:07,043 - src.services.audio_service - INFO - TTS played: Here's a suggestion: My hobbies are learning engli...
2025-09-17 16:42:08,068 - src.services.audio_service - INFO - TTS played: What did you do last weekend?...
2025-09-17 16:45:56,206 - src.services.chat_service - INFO - Generated response: ed...
2025-09-17 16:45:56,470 - src.services.translation_service - INFO - Translated: I  played video games, and rea... -> I played video games, and read...
2025-09-17 16:45:58,043 - src.services.audio_service - INFO - TTS played: Excellent response!...
2025-09-17 16:45:59,133 - src.services.audio_service - INFO - TTS played: What's the most interesting book you've read recen...
2025-09-17 16:46:44,784 - src.services.audio_service - INFO - TTS played: Great job practicing! Keep up the good work!...
2025-09-18 15:30:14,848 - __main__ - INFO - Starting AI Assistant application
2025-09-18 15:30:15,747 - src.services.audio_service - INFO - Whisper model 'base' loaded successfully
2025-09-18 15:30:19,144 - src.services.translation_service - INFO - Translation models loaded successfully
2025-09-18 15:30:20,505 - src.services.grammar_service - INFO - Grammar correction model loaded successfully
2025-09-18 15:30:20,506 - src.assistant.ai_assistant - INFO - All services initialized successfully
2025-09-18 15:30:48,566 - src.services.chat_service - INFO - Generated response: That's interesting! That's a good point. Can you e...
2025-09-18 15:31:55,244 - src.services.chat_service - INFO - Generated response: Hello! How are you doing today?...
2025-09-18 15:31:55,746 - src.services.chat_service - INFO - Generated response: Learning is wonderful! What subjects interest you ...
2025-09-18 15:31:56,265 - src.services.chat_service - INFO - Generated response: That's interesting! I understand. What happened ne...
2025-09-18 15:31:57,484 - src.services.chat_service - INFO - Generated response: That's interesting! That's interesting! Can you te...
2025-09-18 15:31:57,983 - src.services.chat_service - INFO - Generated response: That's interesting! That's a good point. Can you e...
2025-09-18 15:31:58,503 - src.services.chat_service - INFO - Generated response: That's interesting! That sounds fascinating. How d...
2025-09-18 15:57:03,512 - __main__ - INFO - Starting AI Assistant application
2025-09-18 15:57:04,419 - src.services.audio_service - INFO - Whisper model 'base' loaded successfully
2025-09-18 15:57:07,581 - src.services.translation_service - INFO - Translation models loaded successfully
2025-09-18 15:57:08,829 - src.services.grammar_service - INFO - Grammar correction model loaded successfully
2025-09-18 15:57:08,830 - src.assistant.ai_assistant - INFO - All services initialized successfully
2025-09-18 16:00:57,559 - __main__ - INFO - Starting AI Assistant application
2025-09-18 16:00:58,472 - src.services.audio_service - INFO - Whisper model 'base' loaded successfully
2025-09-18 16:01:01,630 - src.services.translation_service - INFO - Translation models loaded successfully
2025-09-18 16:01:02,966 - src.services.grammar_service - INFO - Grammar correction model loaded successfully
2025-09-18 16:01:02,966 - src.assistant.ai_assistant - INFO - All services initialized successfully
2025-09-18 16:10:50,031 - __main__ - INFO - Starting AI Assistant application
2025-09-18 16:10:50,878 - src.services.audio_service - INFO - Whisper model 'base' loaded successfully
2025-09-18 16:10:53,868 - src.services.translation_service - INFO - Translation models loaded successfully
2025-09-18 16:10:55,121 - src.services.grammar_service - INFO - Grammar correction model loaded successfully
2025-09-18 16:10:55,122 - src.assistant.ai_assistant - INFO - All services initialized successfully
2025-09-18 16:11:00,026 - src.services.chat_service - INFO - Generated response: That's interesting! That's a good point. Can you e...
2025-09-18 16:18:35,094 - src.modes.smart_chat_mode - INFO - Progress data saved to data/sessions/smart_chat_1758229859.json
2025-09-18 16:18:41,073 - __main__ - INFO - Application exited by user
2025-09-18 16:18:58,626 - __main__ - INFO - Starting AI Assistant application
2025-09-18 16:18:59,473 - src.services.audio_service - INFO - Whisper model 'base' loaded successfully
2025-09-18 16:19:02,535 - src.services.translation_service - INFO - Translation models loaded successfully
2025-09-18 16:19:04,070 - src.services.grammar_service - INFO - Grammar correction model loaded successfully
2025-09-18 16:19:04,071 - src.assistant.ai_assistant - INFO - All services initialized successfully
2025-09-18 16:21:45,159 - src.services.chat_service - INFO - Generated response: Hi there! What would you like to talk about?...
2025-09-18 16:21:45,634 - src.services.chat_service - INFO - Generated response: Learning is wonderful! What subjects interest you ...
2025-09-18 16:21:46,092 - src.services.chat_service - INFO - Generated response: That's interesting! I understand. What happened ne...
2025-09-18 16:21:46,709 - src.services.grammar_service - INFO - Grammar correction: De comida -> De comida de comida.
2025-09-18 16:21:47,204 - src.services.chat_service - INFO - Generated response: That's interesting! I see what you mean. What do y...
2025-09-18 16:21:47,206 - src.modes.smart_chat_mode - INFO - Progress data saved to data/sessions/smart_chat_1758230411.json
2025-09-18 16:21:47,667 - src.services.chat_service - INFO - Generated response: That's interesting! That's interesting! Can you te...
2025-09-18 16:21:48,156 - src.services.chat_service - INFO - Generated response: That's interesting! That's a good point. Can you e...
2025-09-18 16:22:12,638 - src.services.chat_service - INFO - Generated response: Hi there! What would you like to talk about?...
2025-09-18 16:22:13,102 - src.services.chat_service - INFO - Generated response: Learning is wonderful! What subjects interest you ...
2025-09-18 16:22:13,568 - src.services.chat_service - INFO - Generated response: That's interesting! I understand. What happened ne...
2025-09-18 16:22:14,150 - src.services.grammar_service - INFO - Grammar correction: Me gustaria hablar de comida -> Me gustaria hablar de comida.
2025-09-18 16:22:14,646 - src.services.chat_service - INFO - Generated response: That's interesting! That's a good point. Can you e...
2025-09-18 16:22:14,648 - src.modes.smart_chat_mode - INFO - Progress data saved to data/sessions/smart_chat_1758230411.json
2025-09-18 16:22:15,127 - src.services.chat_service - INFO - Generated response: That's interesting! I understand. What happened ne...
2025-09-18 16:22:15,577 - src.services.chat_service - INFO - Generated response: That's interesting! I understand. What happened ne...
2025-09-18 16:24:38,916 - src.modes.smart_chat_mode - INFO - Progress data saved to data/sessions/smart_chat_1758230411.json
2025-09-18 16:24:41,887 - __main__ - INFO - Application exited by user
2025-09-18 16:24:55,645 - __main__ - INFO - Starting AI Assistant application
2025-09-18 16:24:56,482 - src.services.audio_service - INFO - Whisper model 'base' loaded successfully
2025-09-18 16:24:59,753 - src.services.translation_service - INFO - Translation models loaded successfully
2025-09-18 16:25:01,185 - src.services.grammar_service - INFO - Grammar correction model loaded successfully
2025-09-18 16:25:01,186 - src.assistant.ai_assistant - INFO - All services initialized successfully
2025-09-18 16:26:53,769 - src.services.chat_service - INFO - Generated response: Hi there! What would you like to talk about?...
2025-09-18 16:26:54,243 - src.services.chat_service - INFO - Generated response: Learning is wonderful! What subjects interest you ...
2025-09-18 16:26:54,727 - src.services.chat_service - INFO - Generated response: That's interesting! I understand. What happened ne...
2025-09-18 16:26:55,190 - src.services.grammar_service - INFO - Grammar correction: Do futbol -> Do futbolbol?
2025-09-18 16:26:55,672 - src.services.chat_service - INFO - Generated response: That's interesting! That's interesting! Can you te...
2025-09-18 16:26:55,675 - src.modes.smart_chat_mode - INFO - Progress data saved to data/sessions/smart_chat_1758230800.json
2025-09-18 16:26:56,141 - src.services.chat_service - INFO - Generated response: That's interesting! I understand. What happened ne...
2025-09-18 16:26:56,620 - src.services.chat_service - INFO - Generated response: That's interesting! That's interesting! Can you te...
2025-09-18 16:26:56,626 - src.modes.smart_chat_mode - INFO - Progress data saved to data/sessions/smart_chat_1758230800.json
2025-09-18 16:26:56,626 - src.modes.smart_chat_mode - INFO - Learning analytics updated: Messages: 2, Level: A2, Fluency: 0.16
2025-09-18 16:29:06,388 - src.services.chat_service - INFO - Generated response: Hello! What's on your mind today?...
2025-09-18 16:29:06,866 - src.services.chat_service - INFO - Generated response: Learning is wonderful! What subjects interest you ...
2025-09-18 16:29:07,330 - src.services.chat_service - INFO - Generated response: That's interesting! I see what you mean. What do y...
2025-09-18 16:29:07,868 - src.services.grammar_service - INFO - Grammar correction: Soccer is very nice -> Soccer is very nice.
2025-09-18 16:29:08,367 - src.services.chat_service - INFO - Generated response: That's interesting! I see what you mean. What do y...
2025-09-18 16:29:08,369 - src.modes.smart_chat_mode - INFO - Progress data saved to data/sessions/smart_chat_1758230800.json
2025-09-18 16:29:08,844 - src.services.chat_service - INFO - Generated response: That's interesting! I understand. What happened ne...
2025-09-18 16:29:09,300 - src.services.chat_service - INFO - Generated response: That's interesting! I see what you mean. What do y...
2025-09-18 16:29:09,305 - src.modes.smart_chat_mode - INFO - Progress data saved to data/sessions/smart_chat_1758230800.json
2025-09-18 16:29:09,306 - src.modes.smart_chat_mode - INFO - Learning analytics updated: Messages: 4, Level: A2, Fluency: 0.27
2025-09-18 16:29:58,967 - src.services.chat_service - INFO - Generated response: Hi there! What would you like to talk about?...
2025-09-18 16:29:59,443 - src.services.chat_service - INFO - Generated response: Learning is wonderful! What subjects interest you ...
2025-09-18 16:29:59,896 - src.services.chat_service - INFO - Generated response: That's interesting! That's interesting! Can you te...
2025-09-18 16:30:00,582 - src.services.grammar_service - INFO - Grammar correction: I'm practice english with you, is interesting -> I'm practicing english with you, is interesting.
2025-09-18 16:30:01,055 - src.services.chat_service - INFO - Generated response: That's interesting! That sounds fascinating. How d...
2025-09-18 16:30:01,057 - src.modes.smart_chat_mode - INFO - Progress data saved to data/sessions/smart_chat_1758230800.json
2025-09-18 16:30:01,512 - src.services.chat_service - INFO - Generated response: Learning is wonderful! What subjects interest you ...
2025-09-18 16:30:01,978 - src.services.chat_service - INFO - Generated response: That's interesting! I understand. What happened ne...
2025-09-18 16:30:02,488 - src.services.chat_service - INFO - Generated response: That's interesting! I understand. What happened ne...
2025-09-18 16:30:02,493 - src.modes.smart_chat_mode - INFO - Progress data saved to data/sessions/smart_chat_1758230800.json
2025-09-18 16:30:02,493 - src.modes.smart_chat_mode - INFO - Learning analytics updated: Messages: 6, Level: A2, Fluency: 0.34
2025-09-18 17:12:16,920 - src.modes.smart_chat_mode - INFO - Progress data saved to data/sessions/smart_chat_1758230800.json
2025-09-18 17:12:18,741 - __main__ - INFO - Application exited by user
2025-09-18 17:12:28,116 - __main__ - INFO - Starting AI Assistant application
2025-09-18 17:12:29,052 - src.services.audio_service - INFO - Whisper model 'base' loaded successfully
2025-09-18 17:12:32,125 - src.services.translation_service - INFO - Translation models loaded successfully
2025-09-18 17:12:33,540 - src.services.grammar_service - INFO - Grammar correction model loaded successfully
2025-09-18 17:12:33,540 - src.assistant.ai_assistant - INFO - All services initialized successfully
2025-09-18 17:12:51,569 - src.services.chat_service - INFO - Generated response: Hello! What's on your mind today?...
2025-09-18 17:12:52,021 - src.services.chat_service - INFO - Generated response: Learning is wonderful! What subjects interest you ...
2025-09-18 17:12:52,491 - src.services.chat_service - INFO - Generated response: That's interesting! That's a good point. Can you e...
2025-09-18 17:12:53,081 - src.services.grammar_service - INFO - Grammar correction: De futbol -> De futbol de futbol
2025-09-18 17:12:53,563 - src.services.chat_service - INFO - Generated response: That's interesting! That's interesting! Can you te...
2025-09-18 17:12:53,565 - src.modes.smart_chat_mode - INFO - Progress data saved to data/sessions/smart_chat_1758233555.json
2025-09-18 17:12:54,020 - src.services.chat_service - INFO - Generated response: That's interesting! I understand. What happened ne...
2025-09-18 17:12:54,492 - src.services.chat_service - INFO - Generated response: That's interesting! That's a good point. Can you e...
2025-09-18 17:12:54,954 - src.services.translation_service - INFO - Translated: That's interesting! That's a g... -> Ese es un buen punto. ¿Puedes ...
2025-09-19 14:12:46,650 - __main__ - INFO - Starting AI Assistant application
2025-09-19 14:12:47,611 - src.services.audio_service - INFO - Whisper model 'base' loaded successfully
2025-09-19 14:12:51,189 - src.services.translation_service - INFO - Translation models loaded successfully
2025-09-19 14:12:52,929 - src.services.grammar_service - INFO - Grammar correction model loaded successfully
2025-09-19 14:12:52,930 - src.assistant.ai_assistant - INFO - All services initialized successfully
2025-09-19 14:13:24,519 - src.services.chat_service - INFO - Generated response: Hello! How are you doing today?...
2025-09-19 14:13:24,975 - src.services.chat_service - INFO - Generated response: Learning is wonderful! What subjects interest you ...
2025-09-19 14:13:25,452 - src.services.chat_service - INFO - Generated response: That's interesting! I understand. What happened ne...
2025-09-19 14:13:26,262 - src.services.grammar_service - INFO - Grammar correction: Soccer -> Soccer Soccer is a soccer league that is played in the United Soccer League.
2025-09-19 14:13:26,740 - src.services.chat_service - INFO - Generated response: That's interesting! That's interesting! Can you te...
2025-09-19 14:13:26,743 - src.modes.smart_chat_mode - INFO - Progress data saved to data/sessions/smart_chat_1758309197.json
2025-09-19 14:13:27,208 - src.services.chat_service - INFO - Generated response: That's interesting! That's interesting! Can you te...
2025-09-19 14:13:27,680 - src.services.chat_service - INFO - Generated response: That's interesting! That's interesting! Can you te...
2025-09-19 14:13:28,098 - src.services.translation_service - INFO - Translated: That's interesting! That's int... -> Eso es interesante. ¿Puedes co...
2025-09-19 14:13:28,102 - src.modes.smart_chat_mode - INFO - Progress data saved to data/sessions/smart_chat_1758309197.json
2025-09-19 14:13:28,102 - src.modes.smart_chat_mode - INFO - Learning analytics updated: Messages: 2, Level: A2, Fluency: 0.16
2025-09-19 14:14:11,896 - src.services.chat_service - INFO - Generated response: Hey! Ready for some English conversation?...
2025-09-19 14:14:12,362 - src.services.chat_service - INFO - Generated response: Learning is wonderful! What subjects interest you ...
2025-09-19 14:14:12,821 - src.services.chat_service - INFO - Generated response: That's interesting! That sounds fascinating. How d...
2025-09-19 14:14:13,375 - src.services.grammar_service - INFO - Grammar correction: Soccer is a great sport, i play soccer -> Soccer is a great sport, i play soccer.
2025-09-19 14:14:13,850 - src.services.chat_service - INFO - Generated response: That's interesting! I see what you mean. What do y...
2025-09-19 14:14:13,852 - src.modes.smart_chat_mode - INFO - Progress data saved to data/sessions/smart_chat_1758309197.json
2025-09-19 14:14:14,322 - src.services.chat_service - INFO - Generated response: That's interesting! I understand. What happened ne...
2025-09-19 14:14:14,774 - src.services.chat_service - INFO - Generated response: That's interesting! That's a good point. Can you e...
2025-09-19 14:14:15,182 - src.services.translation_service - INFO - Translated: That's interesting! That's a g... -> Ese es un buen punto. ¿Puedes ...
2025-09-19 14:14:15,186 - src.modes.smart_chat_mode - INFO - Progress data saved to data/sessions/smart_chat_1758309197.json
2025-09-19 14:14:15,186 - src.modes.smart_chat_mode - INFO - Learning analytics updated: Messages: 4, Level: A2, Fluency: 0.27
2025-09-19 14:15:40,929 - src.services.chat_service - INFO - Generated response: Good to see you! How can I help you practice Engli...
2025-09-19 14:15:41,412 - src.services.chat_service - INFO - Generated response: Learning is wonderful! What subjects interest you ...
2025-09-19 14:15:41,884 - src.services.chat_service - INFO - Generated response: That's interesting! That's interesting! Can you te...
2025-09-19 14:15:42,674 - src.services.chat_service - INFO - Generated response: That's interesting! I see what you mean. What do y...
2025-09-19 14:15:42,676 - src.modes.smart_chat_mode - INFO - Progress data saved to data/sessions/smart_chat_1758309197.json
2025-09-19 14:15:43,134 - src.services.chat_service - INFO - Generated response: Learning is wonderful! What subjects interest you ...
2025-09-19 14:15:43,606 - src.services.chat_service - INFO - Generated response: That's interesting! I see what you mean. What do y...
2025-09-19 14:15:44,113 - src.services.chat_service - INFO - Generated response: That's interesting! I see what you mean. What do y...
2025-09-19 14:15:44,420 - src.services.translation_service - INFO - Translated: That's interesting! I see what... -> Veo lo que quieres decir. ¿Qué...
2025-09-19 14:15:44,423 - src.modes.smart_chat_mode - INFO - Progress data saved to data/sessions/smart_chat_1758309197.json
2025-09-19 14:15:44,423 - src.modes.smart_chat_mode - INFO - Learning analytics updated: Messages: 6, Level: A2, Fluency: 0.34
2025-09-19 14:56:31,005 - src.modes.smart_chat_mode - INFO - Progress data saved to data/sessions/smart_chat_1758309197.json
2025-09-19 14:56:33,032 - __main__ - INFO - Application exited by user
